[    0.000000] Linux version 4.15.0-200-generic (buildd@lcy02-amd64-069) (gcc version 7.5.0 (Ubuntu 7.5.0-3ubuntu1~18.04)) #211-Ubuntu SMP Thu Nov 24 18:16:04 UTC 2022 (Ubuntu 4.15.0-200.211-generic 4.15.18)
[    0.000000] Command line: BOOT_IMAGE=/boot/vmlinuz-4.15.0-200-generic root=LABEL=cloudimg-rootfs ro console=tty1 console=ttyS0
[    0.000000] KERNEL supported cpus:
[    0.000000]   Intel GenuineIntel
[    0.000000]   AMD AuthenticAMD
[    0.000000]   Centaur CentaurHauls
[    0.000000] x86/fpu: x87 FPU will use FXSAVE
[    0.000000] e820: BIOS-provided physical RAM map:
[    0.000000] BIOS-e820: [mem 0x0000000000000000-0x000000000009fbff] usable
[    0.000000] BIOS-e820: [mem 0x000000000009fc00-0x000000000009ffff] reserved
[    0.000000] BIOS-e820: [mem 0x00000000000f0000-0x00000000000fffff] reserved
[    0.000000] BIOS-e820: [mem 0x0000000000100000-0x000000003ffeffff] usable
[    0.000000] BIOS-e820: [mem 0x000000003fff0000-0x000000003fffffff] ACPI data
[    0.000000] BIOS-e820: [mem 0x00000000fec00000-0x00000000fec00fff] reserved
[    0.000000] BIOS-e820: [mem 0x00000000fee00000-0x00000000fee00fff] reserved
[    0.000000] BIOS-e820: [mem 0x00000000fffc0000-0x00000000ffffffff] reserved
[    0.000000] NX (Execute Disable) protection: active
[    0.000000] SMBIOS 2.5 present.
[    0.000000] DMI: innotek GmbH VirtualBox/VirtualBox, BIOS VirtualBox 12/01/2006
[    0.000000] Hypervisor detected: KVM
[    0.000000] e820: last_pfn = 0x3fff0 max_arch_pfn = 0x400000000
[    0.000000] MTRR: Disabled
[    0.000000] x86/PAT: MTRRs disabled, skipping PAT initialization too.
[    0.000000] CPU MTRRs all blank - virtualized system.
[    0.000000] x86/PAT: Configuration [0-7]: WB  WT  UC- UC  WB  WT  UC- UC  
[    0.000000] found SMP MP-table at [mem 0x0009fff0-0x0009ffff]
[    0.000000] Scanning 1 areas for low memory corruption
[    0.000000] RAMDISK: [mem 0x359c9000-0x36cdbfff]
[    0.000000] ACPI: Early table checksum verification disabled
[    0.000000] ACPI: RSDP 0x00000000000E0000 000024 (v02 VBOX  )
[    0.000000] ACPI: XSDT 0x000000003FFF0030 00003C (v01 VBOX   VBOXXSDT 00000001 ASL  00000061)
[    0.000000] ACPI: FACP 0x000000003FFF00F0 0000F4 (v04 VBOX   VBOXFACP 00000001 ASL  00000061)
[    0.000000] ACPI: DSDT 0x000000003FFF0610 002353 (v02 VBOX   VBOXBIOS 00000002 INTL 20100528)
[    0.000000] ACPI: FACS 0x000000003FFF0200 000040
[    0.000000] ACPI: FACS 0x000000003FFF0200 000040
[    0.000000] ACPI: APIC 0x000000003FFF0240 00005C (v02 VBOX   VBOXAPIC 00000001 ASL  00000061)
[    0.000000] ACPI: SSDT 0x000000003FFF02A0 00036C (v01 VBOX   VBOXCPUT 00000002 INTL 20100528)
[    0.000000] ACPI: Reserving FACP table memory at [mem 0x3fff00f0-0x3fff01e3]
[    0.000000] ACPI: Reserving DSDT table memory at [mem 0x3fff0610-0x3fff2962]
[    0.000000] ACPI: Reserving FACS table memory at [mem 0x3fff0200-0x3fff023f]
[    0.000000] ACPI: Reserving FACS table memory at [mem 0x3fff0200-0x3fff023f]
[    0.000000] ACPI: Reserving APIC table memory at [mem 0x3fff0240-0x3fff029b]
[    0.000000] ACPI: Reserving SSDT table memory at [mem 0x3fff02a0-0x3fff060b]
[    0.000000] No NUMA configuration found
[    0.000000] Faking a node at [mem 0x0000000000000000-0x000000003ffeffff]
[    0.000000] NODE_DATA(0) allocated [mem 0x3ffc5000-0x3ffeffff]
[    0.000000] kvm-clock: cpu 0, msr 0:3ff44001, primary cpu clock
[    0.000000] kvm-clock: Using msrs 4b564d01 and 4b564d00
[    0.000000] kvm-clock: using sched offset of 3476885435 cycles
[    0.000000] clocksource: kvm-clock: mask: 0xffffffffffffffff max_cycles: 0x1cd42e4dffb, max_idle_ns: 881590591483 ns
[    0.000000] Zone ranges:
[    0.000000]   DMA      [mem 0x0000000000001000-0x0000000000ffffff]
[    0.000000]   DMA32    [mem 0x0000000001000000-0x000000003ffeffff]
[    0.000000]   Normal   empty
[    0.000000]   Device   empty
[    0.000000] Movable zone start for each node
[    0.000000] Early memory node ranges
[    0.000000]   node   0: [mem 0x0000000000001000-0x000000000009efff]
[    0.000000]   node   0: [mem 0x0000000000100000-0x000000003ffeffff]
[    0.000000] Reserved but unavailable: 104 pages
[    0.000000] Initmem setup node 0 [mem 0x0000000000001000-0x000000003ffeffff]
[    0.000000] ACPI: PM-Timer IO Port: 0x4008
[    0.000000] IOAPIC[0]: apic_id 2, version 32, address 0xfec00000, GSI 0-23
[    0.000000] ACPI: INT_SRC_OVR (bus 0 bus_irq 0 global_irq 2 dfl dfl)
[    0.000000] ACPI: INT_SRC_OVR (bus 0 bus_irq 9 global_irq 9 low level)
[    0.000000] Using ACPI (MADT) for SMP configuration information
[    0.000000] smpboot: Allowing 2 CPUs, 0 hotplug CPUs
[    0.000000] PM: Registered nosave memory: [mem 0x00000000-0x00000fff]
[    0.000000] PM: Registered nosave memory: [mem 0x0009f000-0x0009ffff]
[    0.000000] PM: Registered nosave memory: [mem 0x000a0000-0x000effff]
[    0.000000] PM: Registered nosave memory: [mem 0x000f0000-0x000fffff]
[    0.000000] e820: [mem 0x40000000-0xfebfffff] available for PCI devices
[    0.000000] Booting paravirtualized kernel on KVM
[    0.000000] clocksource: refined-jiffies: mask: 0xffffffff max_cycles: 0xffffffff, max_idle_ns: 7645519600211568 ns
[    0.000000] setup_percpu: NR_CPUS:8192 nr_cpumask_bits:2 nr_cpu_ids:2 nr_node_ids:1
[    0.000000] percpu: Embedded 50 pages/cpu s167936 r8192 d28672 u1048576
[    0.000000] PV qspinlock hash table entries: 256 (order: 0, 4096 bytes)
[    0.000000] Built 1 zonelists, mobility grouping on.  Total pages: 257913
[    0.000000] Policy zone: DMA32
[    0.000000] Kernel command line: BOOT_IMAGE=/boot/vmlinuz-4.15.0-200-generic root=LABEL=cloudimg-rootfs ro console=tty1 console=ttyS0
[    0.000000] Memory: 982648K/1048120K available (12300K kernel code, 2477K rwdata, 4320K rodata, 2472K init, 2720K bss, 65472K reserved, 0K cma-reserved)
[    0.000000] SLUB: HWalign=64, Order=0-3, MinObjects=0, CPUs=2, Nodes=1
[    0.000000] ftrace: allocating 39478 entries in 155 pages
[    0.004000] Hierarchical RCU implementation.
[    0.004000] 	RCU restricting CPUs from NR_CPUS=8192 to nr_cpu_ids=2.
[    0.004000] 	Tasks RCU enabled.
[    0.004000] RCU: Adjusting geometry for rcu_fanout_leaf=16, nr_cpu_ids=2
[    0.004000] NR_IRQS: 524544, nr_irqs: 440, preallocated irqs: 16
[    0.004000] random: crng init done
[    0.004000] Console: colour VGA+ 80x25
[    0.004000] console [tty1] enabled
[    0.004000] console [ttyS0] enabled
[    0.004000] ACPI: Core revision 20170831
[    0.004000] ACPI: 2 ACPI AML tables successfully acquired and loaded
[    0.004000] APIC: Switch to symmetric I/O mode setup
[    0.004000] ..TIMER: vector=0x30 apic1=0 pin1=2 apic2=-1 pin2=-1
[    0.004000] tsc: Detected 3600.012 MHz processor
[    0.004000] Calibrating delay loop (skipped) preset value.. 7200.02 BogoMIPS (lpj=14400048)
[    0.004005] pid_max: default: 32768 minimum: 301
[    0.008067] Security Framework initialized
[    0.012004] Yama: becoming mindful.
[    0.016067] AppArmor: AppArmor initialized
[    0.022766] Dentry cache hash table entries: 131072 (order: 8, 1048576 bytes)
[    0.028709] Inode-cache hash table entries: 65536 (order: 7, 524288 bytes)
[    0.032053] Mount-cache hash table entries: 2048 (order: 2, 16384 bytes)
[    0.036059] Mountpoint-cache hash table entries: 2048 (order: 2, 16384 bytes)
[    0.041250] Last level iTLB entries: 4KB 64, 2MB 8, 4MB 8
[    0.044003] Last level dTLB entries: 4KB 64, 2MB 0, 4MB 0, 1GB 4
[    0.048004] Spectre V1 : Mitigation: usercopy/swapgs barriers and __user pointer sanitization
[    0.052004] Spectre V2 : Mitigation: Enhanced IBRS
[    0.056002] Spectre V2 : Spectre v2 / SpectreRSB mitigation: Filling RSB on context switch
[    0.060002] Speculative Store Bypass: Vulnerable
[    0.064046] MMIO Stale Data: Vulnerable: Clear CPU buffers attempted, no microcode
[    0.068013] SRBDS: Unknown: Dependent on hypervisor status
[    0.072160] Freeing SMP alternatives memory: 36K
[    0.200004] APIC calibration not consistent with PM-Timer: 104ms instead of 100ms
[    0.204000] APIC delta adjusted to PM-Timer: 6457074 (6729064)
[    0.204267] smpboot: CPU0: Intel(R) Core(TM) i3-10100 CPU @ 3.60GHz (family: 0x6, model: 0xa5, stepping: 0x3)
[    0.208411] Performance Events: unsupported p6 CPU model 165 no PMU driver, software events only.
[    0.212075] Hierarchical SRCU implementation.
[    0.216567] NMI watchdog: Perf event create on CPU 0 failed with -2
[    0.220002] NMI watchdog: Perf NMI watchdog permanently disabled
[    0.224199] smp: Bringing up secondary CPUs ...
[    0.228636] x86: Booting SMP configuration:
[    0.231442] .... node  #0, CPUs:      #1
[    0.004000] kvm-clock: cpu 1, msr 0:3ff44041, secondary cpu clock
[    0.240000] TSC synchronization [CPU#0 -> CPU#1]:
[    0.240000] Measured 82200 cycles TSC warp between CPUs, turning off TSC clock.
[    0.240000] tsc: Marking TSC unstable due to check_tsc_sync_source failed
[    0.244112] smp: Brought up 1 node, 2 CPUs
[    0.248006] smpboot: Max logical packages: 1
[    0.252003] smpboot: Total of 2 processors activated (14400.04 BogoMIPS)
[    0.256396] devtmpfs: initialized
[    0.258352] x86/mm: Memory block size: 128MB
[    0.260430] evm: security.selinux
[    0.264003] evm: security.SMACK64
[    0.266134] evm: security.SMACK64EXEC
[    0.268002] evm: security.SMACK64TRANSMUTE
[    0.270647] evm: security.SMACK64MMAP
[    0.272002] evm: security.apparmor
[    0.274194] evm: security.ima
[    0.276002] evm: security.capability
[    0.280346] clocksource: jiffies: mask: 0xffffffff max_cycles: 0xffffffff, max_idle_ns: 7645041785100000 ns
[    0.284012] futex hash table entries: 512 (order: 3, 32768 bytes)
[    0.288167] pinctrl core: initialized pinctrl subsystem
[    0.292488] RTC time: 17:29:22, date: 04/17/23
[    0.296976] NET: Registered protocol family 16
[    0.300119] audit: initializing netlink subsys (disabled)
[    0.304235] audit: type=2000 audit(1681752566.324:1): state=initialized audit_enabled=0 res=1
[    0.312007] cpuidle: using governor ladder
[    0.314712] cpuidle: using governor menu
[    0.316044] ACPI: bus type PCI registered
[    0.318704] acpiphp: ACPI Hot Plug PCI Controller Driver version: 0.5
[    0.320468] PCI: Using configuration type 1 for base access
[    0.328301] HugeTLB registered 2.00 MiB page size, pre-allocated 0 pages
[    0.336291] ACPI: Added _OSI(Module Device)
[    0.339257] ACPI: Added _OSI(Processor Device)
[    0.340014] ACPI: Added _OSI(3.0 _SCP Extensions)
[    0.344004] ACPI: Added _OSI(Processor Aggregator Device)
[    0.347479] ACPI: Added _OSI(Linux-Dell-Video)
[    0.348006] ACPI: Added _OSI(Linux-Lenovo-NV-HDMI-Audio)
[    0.352008] ACPI: Added _OSI(Linux-HPI-Hybrid-Graphics)
[    0.356671] ACPI: Executed 1 blocks of module-level executable AML code
[    0.364517] ACPI: Interpreter enabled
[    0.367273] ACPI: (supports S0 S5)
[    0.368005] ACPI: Using IOAPIC for interrupt routing
[    0.371485] PCI: Using host bridge windows from ACPI; if necessary, use "pci=nocrs" and report a bug
[    0.372210] ACPI: Enabled 2 GPEs in block 00 to 07
[    0.382241] ACPI: PCI Root Bridge [PCI0] (domain 0000 [bus 00-ff])
[    0.384006] acpi PNP0A03:00: _OSC: OS supports [ASPM ClockPM Segments MSI]
[    0.388633] acpi PNP0A03:00: _OSC: not requesting OS control; OS requires [ExtendedConfig ASPM ClockPM MSI]
[    0.392013] acpi PNP0A03:00: fail to add MMCONFIG information, can't access extended PCI configuration space under this bridge.
[    0.396629] PCI host bridge to bus 0000:00
[    0.400004] pci_bus 0000:00: root bus resource [io  0x0000-0x0cf7 window]
[    0.404000] pci_bus 0000:00: root bus resource [io  0x0d00-0xffff window]
[    0.404004] pci_bus 0000:00: root bus resource [mem 0x000a0000-0x000bffff window]
[    0.408003] pci_bus 0000:00: root bus resource [mem 0x40000000-0xfdffffff window]
[    0.412005] pci_bus 0000:00: root bus resource [bus 00-ff]
[    0.420000] pci 0000:00:01.1: legacy IDE quirk: reg 0x10: [io  0x01f0-0x01f7]
[    0.420003] pci 0000:00:01.1: legacy IDE quirk: reg 0x14: [io  0x03f6]
[    0.424005] pci 0000:00:01.1: legacy IDE quirk: reg 0x18: [io  0x0170-0x0177]
[    0.428003] pci 0000:00:01.1: legacy IDE quirk: reg 0x1c: [io  0x0376]
[    0.450218] pci 0000:00:07.0: quirk: [io  0x4000-0x403f] claimed by PIIX4 ACPI
[    0.452029] pci 0000:00:07.0: quirk: [io  0x4100-0x410f] claimed by PIIX4 SMB
[    0.468384] ACPI: PCI Interrupt Link [LNKA] (IRQs 5 9 10 *11)
[    0.472450] ACPI: PCI Interrupt Link [LNKB] (IRQs 5 9 *10 11)
[    0.476185] ACPI: PCI Interrupt Link [LNKC] (IRQs 5 *9 10 11)
[    0.480173] ACPI: PCI Interrupt Link [LNKD] (IRQs 5 9 10 *11)
[    0.484609] SCSI subsystem initialized
[    0.488158] pci 0000:00:02.0: vgaarb: setting as boot VGA device
[    0.492000] pci 0000:00:02.0: vgaarb: VGA device added: decodes=io+mem,owns=io+mem,locks=none
[    0.492013] pci 0000:00:02.0: vgaarb: bridge control possible
[    0.496006] vgaarb: loaded
[    0.497903] ACPI: bus type USB registered
[    0.500052] usbcore: registered new interface driver usbfs
[    0.504025] usbcore: registered new interface driver hub
[    0.508024] usbcore: registered new device driver usb
[    0.512300] EDAC MC: Ver: 3.0.0
[    0.516276] PCI: Using ACPI for IRQ routing
[    0.520647] NetLabel: Initializing
[    0.524002] NetLabel:  domain hash size = 128
[    0.526851] NetLabel:  protocols = UNLABELED CIPSOv4 CALIPSO
[    0.528016] NetLabel:  unlabeled traffic allowed by default
[    0.536274] clocksource: Switched to clocksource kvm-clock
[    0.544111] VFS: Disk quotas dquot_6.6.0
[    0.544111] VFS: Dquot-cache hash table entries: 512 (order 0, 4096 bytes)
[    0.544111] AppArmor: AppArmor Filesystem Enabled
[    0.544111] pnp: PnP ACPI init
[    0.544111] pnp: PnP ACPI: found 3 devices
[    0.618160] clocksource: acpi_pm: mask: 0xffffff max_cycles: 0xffffff, max_idle_ns: 2085701024 ns
[    0.620380] NET: Registered protocol family 2
[    0.620380] IP idents hash table entries: 16384 (order: 5, 131072 bytes)
[    0.633773] TCP established hash table entries: 8192 (order: 4, 65536 bytes)
[    0.639553] TCP bind hash table entries: 8192 (order: 5, 131072 bytes)
[    0.644079] TCP: Hash tables configured (established 8192 bind 8192)
[    0.647740] UDP hash table entries: 512 (order: 2, 16384 bytes)
[    0.647740] UDP-Lite hash table entries: 512 (order: 2, 16384 bytes)
[    0.647740] NET: Registered protocol family 1
[    0.647740] pci 0000:00:00.0: Limiting direct PCI/PCI transfers
[    0.647740] pci 0000:00:01.0: Activating ISA DMA hang workarounds
[    0.647740] pci 0000:00:02.0: Video device with shadowed ROM at [mem 0x000c0000-0x000dffff]
[    0.647740] Unpacking initramfs...
[    1.061864] Freeing initrd memory: 19532K
[    1.064086] clocksource: tsc: mask: 0xffffffffffffffff max_cycles: 0x33e45ed112f, max_idle_ns: 440795282550 ns
[    1.071682] platform rtc_cmos: registered platform RTC device (no PNP device found)
[    1.076572] Scanning for low memory corruption every 60 seconds
[    1.081816] Initialise system trusted keyrings
[    1.084824] Key type blacklist registered
[    1.088096] workingset: timestamp_bits=36 max_order=18 bucket_order=0
[    1.094083] zbud: loaded
[    1.096894] squashfs: version 4.0 (2009/01/31) Phillip Lougher
[    1.101332] fuse init (API version 7.26)
[    1.126503] Key type asymmetric registered
[    1.129441] Asymmetric key parser 'x509' registered
[    1.132658] Block layer SCSI generic (bsg) driver version 0.4 loaded (major 246)
[    1.137898] io scheduler noop registered
[    1.140521] io scheduler deadline registered
[    1.144075] io scheduler cfq registered (default)
[    1.148106] ACPI: AC Adapter [AC] (on-line)
[    1.151102] input: Power Button as /devices/LNXSYSTM:00/LNXPWRBN:00/input/input0
[    1.156300] ACPI: Power Button [PWRF]
[    1.158908] input: Sleep Button as /devices/LNXSYSTM:00/LNXSLPBN:00/input/input1
[    1.163957] ACPI: Sleep Button [SLPF]
[    1.167662] Serial: 8250/16550 driver, 32 ports, IRQ sharing enabled
[    1.196875] 00:02: ttyS0 at I/O 0x3f8 (irq = 4, base_baud = 115200) is a 16550A
[    1.214603] Linux agpgart interface v0.103
[    1.225300] loop: module loaded
[    1.229764] scsi host0: ata_piix
[    1.232504] scsi host1: ata_piix
[    1.234706] ata1: PATA max UDMA/33 cmd 0x1f0 ctl 0x3f6 bmdma 0xd000 irq 14
[    1.239201] ata2: PATA max UDMA/33 cmd 0x170 ctl 0x376 bmdma 0xd008 irq 15
[    1.243569] tun: Universal TUN/TAP device driver, 1.6
[    1.248591] PPP generic driver version 2.4.2
[    1.252176] ehci_hcd: USB 2.0 'Enhanced' Host Controller (EHCI) Driver
[    1.256117] ehci-pci: EHCI PCI platform driver
[    1.259510] ehci-platform: EHCI generic platform driver
[    1.262965] ohci_hcd: USB 1.1 'Open' Host Controller (OHCI) Driver
[    1.267073] ohci-pci: OHCI PCI platform driver
[    1.269934] ohci-platform: OHCI generic platform driver
[    1.273481] uhci_hcd: USB Universal Host Controller Interface driver
[    1.277549] i8042: PNP: PS/2 Controller [PNP0303:PS2K,PNP0f03:PS2M] at 0x60,0x64 irq 1,12
[    1.285027] serio: i8042 KBD port at 0x60,0x64 irq 1
[    1.288415] serio: i8042 AUX port at 0x60,0x64 irq 12
[    1.292534] mousedev: PS/2 mouse device common for all mice
[    1.299667] rtc_cmos rtc_cmos: rtc core: registered rtc_cmos as rtc0
[    1.299769] input: AT Translated Set 2 keyboard as /devices/platform/i8042/serio0/input/input2
[    1.304864] rtc_cmos rtc_cmos: alarms up to one day, 114 bytes nvram
[    1.314749] i2c /dev entries driver
[    1.317840] device-mapper: uevent: version 1.0.3
[    1.321708] device-mapper: ioctl: 4.37.0-ioctl (2017-09-20) initialised: dm-devel@redhat.com
[    1.327563] ledtrig-cpu: registered to indicate activity on CPUs
[    1.333962] NET: Registered protocol family 10
[    1.345099] Segment Routing with IPv6
[    1.347843] NET: Registered protocol family 17
[    1.351393] Key type dns_resolver registered
[    1.355475] mce: Using 0 MCE banks
[    1.358303] RAS: Correctable Errors collector initialized.
[    1.362187] sched_clock: Marking stable (1362145493, 0)->(1924959366, -562813873)
[    1.371012] registered taskstats version 1
[    1.374111] Loading compiled-in X.509 certificates
[    1.381013] Loaded X.509 cert 'Build time autogenerated kernel key: 29e5beaa583364da097e68c9386761f80dbce7ef'
[    1.388083] Loaded X.509 cert 'Canonical Ltd. Live Patch Signing: 14df34d1a87cf37625abec039ef2bf521249b969'
[    1.395235] Loaded X.509 cert 'Canonical Ltd. Kernel Module Signing: 88f752e560a1e0737e31163a466ad7b70a850c19'
[    1.402241] blacklist: Loading compiled-in revocation X.509 certificates
[    1.407027] Loaded X.509 cert 'Canonical Ltd. Secure Boot Signing: 61482aa2830d0ab2ad5af10b7250da9033ddcef0'
[    1.414020] zswap: loaded using pool lzo/zbud
[    1.456242] Key type big_key registered
[    1.459281] Key type trusted registered
[    1.464641] Key type encrypted registered
[    1.467540] AppArmor: AppArmor sha1 policy hashing enabled
[    1.471475] ima: No TPM chip found, activating TPM-bypass! (rc=-19)
[    1.476572] ima: Allocated hash algorithm: sha1
[    1.479742] evm: HMAC attrs: 0x1
[    1.482776]   Magic number: 3:993:491
[    1.486028] rtc_cmos rtc_cmos: setting system clock to 2023-04-17 17:29:23 UTC (1681752563)
[    1.491898] BIOS EDD facility v0.16 2004-Jun-25, 0 devices found
[    1.496158] EDD information not available.
[    1.502227] Freeing unused kernel image memory: 2472K
[    1.520854] Write protecting the kernel read-only data: 20480k
[    1.525830] Freeing unused kernel image memory: 2008K
[    1.529691] Freeing unused kernel image memory: 1824K
[    1.539756] x86/mm: Checked W+X mappings: passed, no W+X pages found.
Loading, please wait...
starting version 237
[    1.603267] e1000: Intel(R) PRO/1000 Network Driver - version 7.3.21-k8-NAPI
[    1.608911] e1000: Copyright (c) 1999-2006 Intel Corporation.
[    1.614338] Fusion MPT base driver 3.04.20
[    1.617239] Copyright (c) 1999-2008 LSI Corporation
[    1.647461] SSE version of gcm_enc/dec engaged.
[    1.657866] Fusion MPT SPI Host driver 3.04.20
[    1.841293] input: ImExPS/2 Generic Explorer Mouse as /devices/platform/i8042/serio1/input/input4
[    2.262463] e1000 0000:00:03.0 eth0: (PCI:33MHz:32-bit) 02:40:49:ac:f0:20
[    2.267687] e1000 0000:00:03.0 eth0: Intel(R) PRO/1000 Network Connection
[    2.839332] e1000 0000:00:08.0 eth1: (PCI:33MHz:32-bit) 08:00:27:da:fb:92
[    2.844201] e1000 0000:00:08.0 eth1: Intel(R) PRO/1000 Network Connection
[    2.851178] e1000 0000:00:03.0 enp0s3: renamed from eth0
[    2.859679] mptbase: ioc0: Initiating bringup
[    4.991345] e1000 0000:00:08.0 enp0s8: renamed from eth1
[    5.487799] ioc0: LSI53C1030 A0: Capabilities={Initiator}
[    7.020614] scsi host2: ioc0: LSI53C1030 A0, FwRev=00000000h, Ports=1, MaxQ=256, IRQ=20
[    7.272406] scsi 2:0:0:0: Direct-Access     VBOX     HARDDISK         1.0  PQ: 0 ANSI: 5
[    8.892448] scsi target2:0:0: Beginning Domain Validation
[    8.901220] scsi target2:0:0: Domain Validation skipping write tests
[    8.905898] scsi target2:0:0: Ending Domain Validation
[    8.909516] scsi target2:0:0: asynchronous
[    8.913599] scsi 2:0:1:0: Direct-Access     VBOX     HARDDISK         1.0  PQ: 0 ANSI: 5
[    9.987663] scsi target2:0:1: Beginning Domain Validation
[    9.995913] scsi target2:0:1: Domain Validation skipping write tests
[   10.000035] scsi target2:0:1: Ending Domain Validation
[   10.003558] scsi target2:0:1: asynchronous
[   10.015708] sd 2:0:0:0: Attached scsi generic sg0 type 0
[   10.020860] sd 2:0:0:0: [sda] 83886080 512-byte logical blocks: (42.9 GB/40.0 GiB)
[   10.027830] sd 2:0:0:0: [sda] Write Protect is off
[   10.030442] sd 2:0:1:0: [sdb] 20480 512-byte logical blocks: (10.5 MB/10.0 MiB)
[   10.032361] sd 2:0:1:0: Attached scsi generic sg1 type 0
[   10.042060] sd 2:0:0:0: [sda] Incomplete mode parameter data
[   10.044341] sd 2:0:1:0: [sdb] Write Protect is off
[   10.046466] sd 2:0:0:0: [sda] Assuming drive cache: write through
[   10.056430] sd 2:0:1:0: [sdb] Incomplete mode parameter data
[   10.062182] sd 2:0:1:0: [sdb] Assuming drive cache: write through
[   10.069245]  sda: sda1
[   10.078293] sd 2:0:0:0: [sda] Attached SCSI disk
[   10.086725] sd 2:0:1:0: [sdb] Attached SCSI disk
Begin: Loading essential drivers ... [   12.160336] raid6: sse2x1   gen() 13087 MB/s
[   12.208156] raid6: sse2x1   xor()  7685 MB/s
[   12.255990] raid6: sse2x2   gen() 15779 MB/s
[   12.304003] raid6: sse2x2   xor() 10028 MB/s
[   12.352370] raid6: sse2x4   gen() 16210 MB/s
[   12.404156] raid6: sse2x4   xor()  9595 MB/s
[   12.406996] raid6: using algorithm sse2x4 gen() 16210 MB/s
[   12.410638] raid6: .... xor() 9595 MB/s, rmw enabled
[   12.414023] raid6: using ssse3x2 recovery algorithm
[   12.418974] xor: measuring software checksum speed
[   17.006190]    prefetch64-sse: 1617238.704 MB/sec
[   17.112290]    generic_sse: 55435.000 MB/sec
[   17.115488] xor: using function: prefetch64-sse (1617238.704 MB/sec)
[   17.122417] async_tx: api initialized (async)
done.
Begin: Running /scripts/init-premount ... done.
Begin: Mounting root file system ... Begin: Running /scripts/local-top ... done.
Begin: Running /scripts/local-premount ... [   17.179382] Btrfs loaded, crc32c=crc32c-intel
Scanning for Btrfs filesystems
done.
Warning: fsck not present, so skipping root file system
[   17.224816] EXT4-fs (sda1): mounted filesystem with ordered data mode. Opts: (null)
done.
Begin: Running /scripts/local-bottom ... done.
Begin: Running /scripts/init-bottom ... done.
[   17.425982] ip_tables: (C) 2000-2006 Netfilter Core Team
[   17.439096] systemd[1]: systemd 237 running in system mode. (+PAM +AUDIT +SELINUX +IMA +APPARMOR +SMACK +SYSVINIT +UTMP +LIBCRYPTSETUP +GCRYPT +GNUTLS +ACL +XZ +LZ4 +SECCOMP +BLKID +ELFUTILS +KMOD -IDN2 +IDN -PCRE2 default-hierarchy=hybrid)
[   17.453785] systemd[1]: Detected virtualization oracle.
[   17.457612] systemd[1]: Detected architecture x86-64.

Welcome to [1mUbuntu 18.04.6 LTS[0m!

[   17.483845] systemd[1]: Set hostname to <ubuntu>.
[   17.494607] systemd[1]: Initializing machine ID from random generator.
[   17.499232] systemd[1]: Installed transient /etc/machine-id file.
[   17.779156] systemd[1]: Reached target System Time Synchronized.
[[0;32m  OK  [0m] Reached target System Time Synchronized.
[   17.849538] systemd[1]: Reached target Swap.
[[0;32m  OK  [0m] Reached target Swap.
[   17.866227] systemd[1]: Created slice System Slice.
[[0;32m  OK  [0m] Created slice System Slice.
[   17.874828] systemd[1]: Listening on fsck to fsckd communication Socket.
[[0;32m  OK  [0m] Listening on fsck to fsckd communication Socket.
[[0;32m  OK  [0m] Listening on Journal Audit Socket.
[[0;32m  OK  [0m] Listening on Journal Socket (/dev/log).
[[0;32m  OK  [0m] Started Forward Password Requests to Wall Directory Watch.
[[0;32m  OK  [0m] Created slice system-serial\x2dgetty.slice.
[[0;32m  OK  [0m] Listening on /dev/initctl Compatibility Named Pipe.
[[0;32m  OK  [0m] Listening on Journal Socket.
         Starting Set the console keyboard layout...
         Mounting Huge Pages File System...
[[0;32m  OK  [0m] Listening on LVM2 poll daemon socket.
[[0;32m  OK  [0m] Set up automount Arbitrary Executab…rmats File System Automount Point.
         Mounting POSIX Message Queue File System...
[[0;32m  OK  [0m] Listening on Device-mapper event daemon FIFOs.
         Starting Load Kernel Modules...
[[0;32m  OK  [0m] Listening on udev Kernel Socket.
[[0;32m  OK  [0m] Created slice User and Session Slice.
         Starting File System Check on Root Device...
[[0;32m  OK  [0m] Reached target Slices.
[   17.952959] Loading iSCSI transport class v2.0-870.
         Mounting Kernel Debug File System...
[[0;32m  OK  [0m] Listening on Network Service Netlink Socket.
[[0;32m  OK  [0m] Listening on Syslog Socket.
         Starting Journal Service...
[[0;32m  OK  [0m] Listening on udev Control Socket.
[   18.004439] iscsi: registered transport (tcp)
         Starting udev Coldplug all Devices...
         Starting Create list of required st…ce nodes for the current kernel...
         Starting Uncomplicated firewall...
[[0;32m  OK  [0m] Reached target User and Group Name Lookups.
[[0;32m  OK  [0m] Listening on LVM2 metadata daemon socket.
         Starting Monitoring of LVM2 mirrors…ng dmeventd or progress polling...
[[0;32m  OK  [0m] Mounted Huge Pages File System.
[[0;32m  OK  [0m] Mounted POSIX Message Queue File System.
[[0;32m  OK  [0m] Mounted Kernel Debug File System.
[[0;32m  OK  [0m] Started File System Check Daemon to report status.
[   18.068342] iscsi: registered transport (iser)
[[0;32m  OK  [0m] Started Load Kernel Modules.
         Starting Apply Kernel Variables...
         Mounting FUSE Control File System...
         Mounting Kernel Configuration File System...
[[0;32m  OK  [0m] Started udev Coldplug all Devices.
[[0;32m  OK  [0m] Mounted FUSE Control File System.
[[0;32m  OK  [0m] Mounted Kernel Configuration File System.
[[0;32m  OK  [0m] Started Journal Service.
[[0;32m  OK  [0m] Started Create list of required sta…vice nodes for the current kernel.
[[0;32m  OK  [0m] Started File System Check on Root Device.
[[0;32m  OK  [0m] Started Uncomplicated firewall.
         Starting Remount Root and Kernel File Systems...
         Starting Create Static Device Nodes in /dev...
[[0;32m  OK  [0m] Started LVM2 metadata daemon.
[[0;32m  OK  [0m] Started Create Static Device Nodes in /dev.
[[0;32m  OK  [0m] Started Apply Kernel Variables.
[[0;32m  OK  [0m] Started Remount Root and Kernel File Systems.
         Starting udev Kernel Device Manager...
         Starting Load/Save Random Seed...
         Starting Flush Journal to Persistent Storage...
[[0;32m  OK  [0m] Started Monitoring of LVM2 mirrors,…sing dmeventd or progress polling.
[[0;32m  OK  [0m] Started Load/Save Random Seed.
[[0;32m  OK  [0m] Started udev Kernel Device Manager.
[[0;32m  OK  [0m] Started Flush Journal to Persistent Storage.
[[0;32m  OK  [0m] Found device /dev/ttyS0.
[[0;32m  OK  [0m] Listening on Load/Save RF Kill Switch Status /dev/rfkill Watch.
[[0;32m  OK  [0m] Started Set the console keyboard layout.
         Mounting Arbitrary Executable File Formats File System...
[[0;32m  OK  [0m] Reached target Local File Systems (Pre).
[[0;32m  OK  [0m] Reached target Local File Systems.
         Starting Set console font and keymap...
         Starting ebtables ruleset management...
         Starting Commit a transient machine-id on disk...
         Starting AppArmor initialization...
         Starting Create Volatile Files and Directories...
         Starting Tell Plymouth To Write Out Runtime Data...
[[0;32m  OK  [0m] Started Dispatch Password Requests to Console Directory Watch.
[[0;32m  OK  [0m] Reached target Local Encrypted Volumes.
[[0;32m  OK  [0m] Mounted Arbitrary Executable File Formats File System.
[[0;32m  OK  [0m] Started Create Volatile Files and Directories.
         Starting Update UTMP about System Boot/Shutdown...
[[0;32m  OK  [0m] Started Tell Plymouth To Write Out Runtime Data.
[[0;32m  OK  [0m] Started Update UTMP about System Boot/Shutdown.
[[0;32m  OK  [0m] Started Commit a transient machine-id on disk.
[[0;32m  OK  [0m] Started ebtables ruleset management.
[[0;32m  OK  [0m] Started AppArmor initialization.
         Starting Initial cloud-init job (pre-networking)...
         Starting Load AppArmor profiles managed internally by snapd...
[[0;32m  OK  [0m] Started Load AppArmor profiles managed internally by snapd.
[[0;32m  OK  [0m] Started Set console font and keymap.
[   21.403281] cloud-init[769]: Cloud-init v. 22.4.2-0ubuntu0~18.04.1 running 'init-local' at Mon, 17 Apr 2023 17:29:43 +0000. Up 21.06 seconds.
[[0;32m  OK  [0m] Started Initial cloud-init job (pre-networking).
[[0;32m  OK  [0m] Reached target Network (Pre).
         Starting Network Service...
[[0;32m  OK  [0m] Started Network Service.
         Starting Wait for Network to be Configured...
         Starting Network Name Resolution...
[[0;32m  OK  [0m] Started Network Name Resolution.
[[0;32m  OK  [0m] Reached target Network.
[[0;32m  OK  [0m] Reached target Host and Network Name Lookups.
[[0;32m  OK  [0m] Started Wait for Network to be Configured.
         Starting Initial cloud-init job (metadata service crawler)...
[   23.777174] cloud-init[913]: Cloud-init v. 22.4.2-0ubuntu0~18.04.1 running 'init' at Mon, 17 Apr 2023 17:29:45 +0000. Up 23.64 seconds.
[   23.783476] cloud-init[913]: ci-info: ++++++++++++++++++++++++++++++++++++++Net device info+++++++++++++++++++++++++++++++++++++++
[   23.789229] cloud-init[913]: ci-info: +--------+-------+----------------------------+---------------+--------+-------------------+
[   23.794983] cloud-init[913]: ci-info: | Device |   Up  |          Address           |      Mask     | Scope  |     Hw-Address    |
[   23.800886] cloud-init[913]: ci-info: +--------+-------+----------------------------+---------------+--------+-------------------+
[   23.806896] cloud-init[913]: ci-info: | enp0s3 |  True |         10.0.2.15          | 255.255.255.0 | global | 02:40:49:ac:f0:20 |
[   23.813696] cloud-init[913]: ci-info: | enp0s3 |  True | fe80::40:49ff:feac:f020/64 |       .       |  link  | 02:40:49:ac:f0:20 |
[   23.819389] cloud-init[913]: ci-info: | enp0s8 | False |             .              |       .       |   .    | 08:00:27:da:fb:92 |
[   23.825327] cloud-init[913]: ci-info: |   lo   |  True |         127.0.0.1          |   255.0.0.0   |  host  |         .         |
[   23.831627] cloud-init[913]: ci-info: |   lo   |  True |          ::1/128           |       .       |  host  |         .         |
[   23.838248] cloud-init[913]: ci-info: +--------+-------+----------------------------+---------------+--------+-------------------+
[   23.843933] cloud-init[913]: ci-info: ++++++++++++++++++++++++++++Route IPv4 info+++++++++++++++++++++++++++++
[   23.849224] cloud-init[913]: ci-info: +-------+-------------+----------+-----------------+-----------+-------+
[   23.854193] cloud-init[913]: ci-info: | Route | Destination | Gateway  |     Genmask     | Interface | Flags |
[   23.859050] cloud-init[913]: ci-info: +-------+-------------+----------+-----------------+-----------+-------+
[   23.864026] cloud-init[913]: ci-info: |   0   |   0.0.0.0   | 10.0.2.2 |     0.0.0.0     |   enp0s3  |   UG  |
[   23.869874] cloud-init[913]: ci-info: |   1   |   10.0.2.0  | 0.0.0.0  |  255.255.255.0  |   enp0s3  |   U   |
[   23.874647] cloud-init[913]: ci-info: |   2   |   10.0.2.2  | 0.0.0.0  | 255.255.255.255 |   enp0s3  |   UH  |
[   23.879074] cloud-init[913]: ci-info: +-------+-------------+----------+-----------------+-----------+-------+
[   23.883364] cloud-init[913]: ci-info: +++++++++++++++++++Route IPv6 info+++++++++++++++++++
[   23.887549] cloud-init[913]: ci-info: +-------+-------------+---------+-----------+-------+
[   23.891427] cloud-init[913]: ci-info: | Route | Destination | Gateway | Interface | Flags |
[   23.895497] cloud-init[913]: ci-info: +-------+-------------+---------+-----------+-------+
[   23.899560] cloud-init[913]: ci-info: |   1   |  fe80::/64  |    ::   |   enp0s3  |   U   |
[   23.903490] cloud-init[913]: ci-info: |   3   |    local    |    ::   |   enp0s3  |   U   |
[   23.912415] cloud-init[913]: ci-info: |   4   |   ff00::/8  |    ::   |   enp0s3  |   U   |
[   23.914439] cloud-init[913]: ci-info: +-------+-------------+---------+-----------+-------+
[   24.647592] cloud-init[913]: Generating public/private rsa key pair.
[   24.649803] cloud-init[913]: Your identification has been saved in /etc/ssh/ssh_host_rsa_key.
[   24.652317] cloud-init[913]: Your public key has been saved in /etc/ssh/ssh_host_rsa_key.pub.
[   24.655086] cloud-init[913]: The key fingerprint is:
[   24.656612] cloud-init[913]: SHA256:bxpFNi1r+sfTdnEqKFIlwugssuYF52J1mjquCYayk5E root@ubuntu-bionic
[   24.658940] cloud-init[913]: The key's randomart image is:
[   24.660596] cloud-init[913]: +---[RSA 2048]----+
[   24.662008] cloud-init[913]: |                 |
[   24.663266] cloud-init[913]: |           .     |
[   24.664589] cloud-init[913]: |     o    = .    |
[   24.665864] cloud-init[913]: |    . o .o.+     |
[   24.667119] cloud-init[913]: | o = . .So+      |
[   24.668478] cloud-init[913]: |E * *   .=     ..|
[   24.669793] cloud-init[913]: |+O *   .o oo . .o|
[   24.671272] cloud-init[913]: |O=+   . .=. = + .|
[   24.672747] cloud-init[913]: |O=.    ..... + . |
[   24.673994] cloud-init[913]: +----[SHA256]-----+
[   24.675275] cloud-init[913]: Generating public/private dsa key pair.
[   24.677097] cloud-init[913]: Your identification has been saved in /etc/ssh/ssh_host_dsa_key.
[   24.679333] cloud-init[913]: Your public key has been saved in /etc/ssh/ssh_host_dsa_key.pub.
[   24.681653] cloud-init[913]: The key fingerprint is:
[   24.683042] cloud-init[913]: SHA256:hB5TDwXloCv3aR+O7lFoTbm82PRX73UXNw5gbR1rtPs root@ubuntu-bionic
[   24.685446] cloud-init[913]: The key's randomart image is:
[   24.687035] cloud-init[913]: +---[DSA 1024]----+
[   24.688440] cloud-init[913]: |        =+o    o |
[   24.689695] cloud-init[913]: |       + = .. o +|
[   24.690951] cloud-init[913]: |      = . =o o = |
[   24.692550] cloud-init[913]: |     . = =..o . .|
[   24.693862] cloud-init[913]: |    . + S *  . +o|
[   24.695141] cloud-init[913]: |     o o * o  o.*|
[   24.696485] cloud-init[913]: |        * + . ..E|
[   24.697740] cloud-init[913]: |       . = . . .+|
[   24.699012] cloud-init[913]: |       o+ o     .|
[   24.700449] cloud-init[913]: +----[SHA256]-----+
[   24.701687] cloud-init[913]: Generating public/private ecdsa key pair.
[   24.703516] cloud-init[913]: Your identification has been saved in /etc/ssh/ssh_host_ecdsa_key.
[   24.705866] cloud-init[913]: Your public key has been saved in /etc/ssh/ssh_host_ecdsa_key.pub.
[   24.708080] cloud-init[913]: The key fingerprint is:
[   24.709887] cloud-init[913]: SHA256:CoM5J0QWr4Dt/m80Dki4i4VCvTWz+NVkB+oLbWmkk2g root@ubuntu-bionic
[   24.712600] cloud-init[913]: The key's randomart image is:
[   24.714138] cloud-init[913]: +---[ECDSA 256]---+
[   24.715431] cloud-init[913]: |  +.             |
[   24.716817] cloud-init[913]: |.+ .     .       |
[   24.718028] cloud-init[913]: |o.+ .   . .      |
[   24.719335] cloud-init[913]: |.=.= + o o .     |
[   24.720973] cloud-init[913]: |.+B.O X S .      |
[   24.722245] cloud-init[913]: |+.oE.OoO .       |
[   24.723494] cloud-init[913]: |ooo .+B..        |
[   24.724859] cloud-init[913]: |o  . .o.         |
[   24.726142] cloud-init[913]: |    .o.          |
[   24.727501] cloud-init[913]: +----[SHA256]-----+
[   24.728865] cloud-init[913]: Generating public/private ed25519 key pair.
[   24.730540] cloud-init[913]: Your identification has been saved in /etc/ssh/ssh_host_ed25519_key.
[   24.732960] cloud-init[913]: Your public key has been saved in /etc/ssh/ssh_host_ed25519_key.pub.
[   24.735126] cloud-init[913]: The key fingerprint is:
[   24.736626] cloud-init[913]: SHA256:BZDuFqd6oV2fpJXdNALTZ2jCFDVbXIsdsNKN3lnSvwY root@ubuntu-bionic
[   24.738910] cloud-init[913]: The key's randomart image is:
[   24.740369] cloud-init[913]: +--[ED25519 256]--+
[   24.741573] cloud-init[913]: |      .o.oo+o+oo.|
[   24.742819] cloud-init[913]: |      .  .= =+X.o|
[   24.744060] cloud-init[913]: |     .    .*.B.+o|
[   24.745335] cloud-init[913]: |      o ..  + +.+|
[   24.746904] cloud-init[913]: |     . +S  o E +.|
[   24.748294] cloud-init[913]: |      = . + . o .|
[   24.749549] cloud-init[913]: |     = o = .   o |
[   24.750727] cloud-init[913]: |    o o . o   .  |
[   24.751927] cloud-init[913]: |     .           |
[   24.753488] cloud-init[913]: +----[SHA256]-----+
[[0;32m  OK  [0m] Started Initial cloud-init job (metadata service crawler).
[[0;32m  OK  [0m] Reached target Cloud-config availability.
[[0;32m  OK  [0m] Reached target System Initialization.
         Starting LXD - unix socket.
[[0;32m  OK  [0m] Started Discard unused blocks once a week.
[[0;32m  OK  [0m] Started ACPI Events Check.
[[0;32m  OK  [0m] Started Daily Cleanup of Temporary Directories.
[[0;32m  OK  [0m] Reached target Paths.
         Starting Socket activation for snappy daemon.
[[0;32m  OK  [0m] Started Message of the Day.
[[0;32m  OK  [0m] Listening on cloud-init hotplug hook socket.
[[0;32m  OK  [0m] Listening on UUID daemon activation socket.
[[0;32m  OK  [0m] Started Ubuntu Advantage Timer for running repeated jobs.
[[0;32m  OK  [0m] Listening on ACPID Listen Socket.
[[0;32m  OK  [0m] Listening on Open-iSCSI iscsid Socket.
[[0;32m  OK  [0m] Listening on D-Bus System Message Bus Socket.
[[0;32m  OK  [0m] Started Daily apt download activities.
[[0;32m  OK  [0m] Started Daily apt upgrade and clean activities.
[[0;32m  OK  [0m] Reached target Timers.
[[0;32m  OK  [0m] Reached target Network is Online.
         Starting Availability of block devices...
[[0;32m  OK  [0m] Reached target Remote File Systems (Pre).
[[0;32m  OK  [0m] Reached target Remote File Systems.
[[0;32m  OK  [0m] Listening on LXD - unix socket.
[[0;32m  OK  [0m] Listening on Socket activation for snappy daemon.
[[0;32m  OK  [0m] Started Availability of block devices.
[[0;32m  OK  [0m] Reached target Sockets.
[[0;32m  OK  [0m] Reached target Basic System.
[[0;32m  OK  [0m] Started FUSE filesystem for LXC.
         Starting Dispatcher daemon for systemd-networkd...
[[0;32m  OK  [0m] Started D-Bus System Message Bus.
[[0;32m  OK  [0m] Started irqbalance daemon.
         Starting Accounts Service...
         Starting Virtualbox guest utils...
[[0;32m  OK  [0m] Reached target Login Prompts (Pre).
         Starting LSB: automatic crash report generation...
         Starting Login Service...
[[0;32m  OK  [0m] Started Deferred execution scheduler.
         Starting Snap Daemon...
         Starting Pollinate to seed the pseudo random number generator...
         Starting LSB: Record successful boot for GRUB...
         Starting System Logging Service...
[[0;32m  OK  [0m] Started Regular background program processing daemon.
         Starting Permit User Sessions...
         Starting LXD - container startup/shutdown...
[[0;32m  OK  [0m] Started System Logging Service.
[[0;32m  OK  [0m] Started Permit User Sessions.
[[0;32m  OK  [0m] Started Login Service.
[[0;32m  OK  [0m] Started Unattended Upgrades Shutdown.
         Starting Hold until boot process finishes up...
         Starting Terminate Plymouth Boot Screen...
         Starting Authorization Manager...
[[0;32m  OK  [0m] Started Hold until boot process finishes up.
         Starting Set console scheme...
[[0;32m  OK  [0m] Started Serial Getty on ttyS0.
[[0;32m  OK  [0m] Started Dispatcher daemon for systemd-networkd.
[[0;32m  OK  [0m] Started Terminate Plymouth Boot Screen.
[[0;32m  OK  [0m] Started LSB: automatic crash report generation.
[[0;32m  OK  [0m] Started Set console scheme.
[[0;32m  OK  [0m] Created slice system-getty.slice.
[[0;32m  OK  [0m] Started Getty on tty1.
[[0;32m  OK  [0m] Reached target Login Prompts.
[[0;32m  OK  [0m] Started LSB: Record successful boot for GRUB.
[[0;32m  OK  [0m] Started Virtualbox guest utils.
[[0;32m  OK  [0m] Started Authorization Manager.
[[0;32m  OK  [0m] Started Accounts Service.
[[0;32m  OK  [0m] Started LXD - container startup/shutdown.
[[0;32m  OK  [0m] Started Snap Daemon.
         Starting Wait until snapd is fully seeded...
         Starting Time & Date Service...
[[0;32m  OK  [0m] Started Time & Date Service.
[[0;32m  OK  [0m] Started Wait until snapd is fully seeded.
         Starting Apply the settings specified in cloud-config...
[[0;32m  OK  [0m] Started Pollinate to seed the pseudo random number generator.
         Starting OpenBSD Secure Shell server...
[[0;32m  OK  [0m] Started OpenBSD Secure Shell server.
[[0;32m  OK  [0m] Created slice User Slice of vagrant.
         Starting User Manager for UID 1000...
[[0;32m  OK  [0m] Started Session 1 of user vagrant.
[[0;32m  OK  [0m] Started User Manager for UID 1000.
[   28.354596] cloud-init[1414]: Cloud-init v. 22.4.2-0ubuntu0~18.04.1 running 'modules:config' at Mon, 17 Apr 2023 17:29:49 +0000. Up 27.70 seconds.
[[0;32m  OK  [0m] Started Apply the settings specified in cloud-config.
[[0;32m  OK  [0m] Reached target Multi-User System.
[[0;32m  OK  [0m] Reached target Graphical Interface.
         Starting Update UTMP about System Runlevel Changes...
         Starting Execute cloud user/final scripts...
[[0;32m  OK  [0m] Started Update UTMP about System Runlevel Changes.
ci-info: no authorized SSH keys fingerprints found for user ubuntu.
<14>Apr 17 17:29:50 cloud-init: #############################################################
<14>Apr 17 17:29:50 cloud-init: -----BEGIN SSH HOST KEY FINGERPRINTS-----
<14>Apr 17 17:29:50 cloud-init: 1024 SHA256:hB5TDwXloCv3aR+O7lFoTbm82PRX73UXNw5gbR1rtPs root@ubuntu-bionic (DSA)
<14>Apr 17 17:29:50 cloud-init: 256 SHA256:CoM5J0QWr4Dt/m80Dki4i4VCvTWz+NVkB+oLbWmkk2g root@ubuntu-bionic (ECDSA)
<14>Apr 17 17:29:50 cloud-init: 256 SHA256:BZDuFqd6oV2fpJXdNALTZ2jCFDVbXIsdsNKN3lnSvwY root@ubuntu-bionic (ED25519)
<14>Apr 17 17:29:50 cloud-init: 2048 SHA256:bxpFNi1r+sfTdnEqKFIlwugssuYF52J1mjquCYayk5E root@ubuntu-bionic (RSA)
<14>Apr 17 17:29:50 cloud-init: -----END SSH HOST KEY FINGERPRINTS-----
<14>Apr 17 17:29:50 cloud-init: #############################################################
-----BEGIN SSH HOST KEY KEYS-----
ecdsa-sha2-nistp256 AAAAE2VjZHNhLXNoYTItbmlzdHAyNTYAAAAIbmlzdHAyNTYAAABBBHP+pQMxsjjCJ9RYJr7JzUIB2O+EWiUmcbZNYi7LKowoEQE4ESOL1djbbbkNB2wEoMQ9rjFdUzNGIjV3sTEtA2U= root@ubuntu-bionic
ssh-ed25519 AAAAC3NzaC1lZDI1NTE5AAAAIEok5uEZO3hTKUjkpJ1dPC5AaUf4Bf6BjMWcTDaJME5g root@ubuntu-bionic
ssh-rsa AAAAB3NzaC1yc2EAAAADAQABAAABAQDKZcjIAmawNSBFgQiBSYahZH1oYa6MBG/NREXMulPF1vZ8+ZtCdMORNXdkWQfnu/1EU5jC72m4pLST3lvs7LBSDoFfH/2vjB7U9hw7tXl7aEUVZBx87eTU+TzBZZS3he1S8VPbsjfbh3wX+7o5D7M9WcrvWbfBIVC/ISBXzFZehve2QSFBThMuM1OHXwSw4b1CZmo7r8ERsgo1k3gV6sz0685xeYV5Vufr7B3j83e7cqHYqPZM1NVn2cbz/w9+yj0B0Zm9jNx65r5ZRMoYeijrXTJlRHjim7JrTR1dUHfBrjE6kdM8ey2HM8+IicfN/evgSmRKoeg/BhZqTLwMi2AV root@ubuntu-bionic
-----END SSH HOST KEY KEYS-----
[   29.004310] cloud-init[1553]: Cloud-init v. 22.4.2-0ubuntu0~18.04.1 running 'modules:final' at Mon, 17 Apr 2023 17:29:50 +0000. Up 28.79 seconds.
[   29.024472] cloud-init[1553]: Cloud-init v. 22.4.2-0ubuntu0~18.04.1 finished at Mon, 17 Apr 2023 17:29:51 +0000. Datasource DataSourceNoCloud [seed=/dev/sdb][dsmode=net].  Up 28.99 seconds
[[0;32m  OK  [0m] Started Execute cloud user/final scripts.
[[0;32m  OK  [0m] Reached target Cloud-init target.

Ubuntu 18.04.6 LTS ubuntu-bionic ttyS0

ubuntu-bionic login: 